c:\codeprojects\machinevision\springfinder\springfinder\x64\debug\vc143.pdb
c:\codeprojects\machinevision\springfinder\springfinder\x64\debug\vc143.idb
c:\codeprojects\machinevision\springfinder\springfinder\x64\debug\springfinder.obj
c:\codeprojects\machinevision\springfinder\springfinder\x64\debug\writetextfile.obj
c:\codeprojects\machinevision\springfinder\springfinder\x64\debug\texturehelperfunctions.obj
c:\codeprojects\machinevision\springfinder\springfinder\x64\debug\sort.obj
c:\codeprojects\machinevision\springfinder\springfinder\x64\debug\pooling.obj
c:\codeprojects\machinevision\springfinder\springfinder\x64\debug\plotfeatures.obj
c:\codeprojects\machinevision\springfinder\springfinder\x64\debug\onnxmodelscorer.obj
c:\codeprojects\machinevision\springfinder\springfinder\x64\debug\nonmaximalsuppression.obj
c:\codeprojects\machinevision\springfinder\springfinder\x64\debug\imagesegmentation.obj
c:\codeprojects\machinevision\springfinder\springfinder\x64\debug\imageprocessing.obj
c:\codeprojects\machinevision\springfinder\springfinder\x64\debug\frequencyfiltering.obj
c:\codeprojects\machinevision\springfinder\x64\debug\springfinder.pdb
c:\codeprojects\machinevision\springfinder\springfinder\x64\debug\springfinder.tlog\cl.command.1.tlog
c:\codeprojects\machinevision\springfinder\springfinder\x64\debug\springfinder.tlog\cl.read.1.tlog
c:\codeprojects\machinevision\springfinder\springfinder\x64\debug\springfinder.tlog\cl.write.1.tlog
c:\codeprojects\machinevision\springfinder\springfinder\x64\debug\springfinder.tlog\link.command.1.tlog
c:\codeprojects\machinevision\springfinder\springfinder\x64\debug\springfinder.tlog\link.read.1.tlog
c:\codeprojects\machinevision\springfinder\springfinder\x64\debug\springfinder.tlog\link.write.1.tlog
