  dllmain.cpp
C:\CodeProjects\MachineVision\BinFileProcessing\ImageProcessingLibrary\ImageProcessingLibrary\dllmain.cpp(42,16): warning C4101: 'minVal': unreferenced local variable
  imageprocessing.cpp
C:\Program Files\Microsoft Visual Studio\2022\Community\VC\Tools\MSVC\14.34.31933\include\filesystem(13): warning STL4038: The contents of <filesystem> are available only with C++17 or later.
C:\CodeProjects\MachineVision\BinFileProcessing\ImageProcessingLibrary\ImageProcessingLibrary\imageprocessing.cpp(103,52): warning C4244: 'argument': conversion from 'double' to '_Tp', possible loss of data
          with
          [
              _Tp=int
          ]
C:\CodeProjects\MachineVision\BinFileProcessing\ImageProcessingLibrary\ImageProcessingLibrary\imageprocessing.cpp(103,41): warning C4244: 'argument': conversion from 'double' to '_Tp', possible loss of data
          with
          [
              _Tp=int
          ]
C:\CodeProjects\MachineVision\BinFileProcessing\ImageProcessingLibrary\ImageProcessingLibrary\imageprocessing.cpp(33,12): warning C4101: 'minVal': unreferenced local variable
  imagesegmentation.cpp
C:\CodeProjects\MachineVision\BinFileProcessing\ImageProcessingLibrary\ImageProcessingLibrary\imagesegmentation.cpp(187,58): warning C4267: 'argument': conversion from 'size_t' to 'int', possible loss of data
C:\CodeProjects\MachineVision\BinFileProcessing\ImageProcessingLibrary\ImageProcessingLibrary\imagesegmentation.cpp(314,58): warning C4267: 'argument': conversion from 'size_t' to 'int', possible loss of data
C:\CodeProjects\MachineVision\BinFileProcessing\ImageProcessingLibrary\ImageProcessingLibrary\imagesegmentation.cpp(234,12): warning C4101: 'minVal': unreferenced local variable
  Generating Code...
  ImageProcessingLibrary.vcxproj -> C:\CodeProjects\MachineVision\BinFileProcessing\ImageProcessingLibrary\x64\Debug\ImageProcessingLibrary.dll
