c:\codeprojects\machinevision\binfileprocessing\imageprocessinglibrary\imageprocessinglibrary\x64\debug\imageprocessinglibrary.pch
c:\codeprojects\machinevision\binfileprocessing\imageprocessinglibrary\imageprocessinglibrary\x64\debug\vc143.pdb
c:\codeprojects\machinevision\binfileprocessing\imageprocessinglibrary\imageprocessinglibrary\x64\debug\vc143.idb
c:\codeprojects\machinevision\binfileprocessing\imageprocessinglibrary\imageprocessinglibrary\x64\debug\pch.obj
c:\codeprojects\machinevision\binfileprocessing\imageprocessinglibrary\imageprocessinglibrary\x64\debug\writetextfile.obj
c:\codeprojects\machinevision\binfileprocessing\imageprocessinglibrary\imageprocessinglibrary\x64\debug\texturehelperfunctions.obj
c:\codeprojects\machinevision\binfileprocessing\imageprocessinglibrary\imageprocessinglibrary\x64\debug\sort.obj
c:\codeprojects\machinevision\binfileprocessing\imageprocessinglibrary\imageprocessinglibrary\x64\debug\pooling.obj
c:\codeprojects\machinevision\binfileprocessing\imageprocessinglibrary\imageprocessinglibrary\x64\debug\plotfeatures.obj
c:\codeprojects\machinevision\binfileprocessing\imageprocessinglibrary\imageprocessinglibrary\x64\debug\onnxmodelscorer.obj
c:\codeprojects\machinevision\binfileprocessing\imageprocessinglibrary\imageprocessinglibrary\x64\debug\nonmaximalsuppression.obj
c:\codeprojects\machinevision\binfileprocessing\imageprocessinglibrary\imageprocessinglibrary\x64\debug\imagesegmentation.obj
c:\codeprojects\machinevision\binfileprocessing\imageprocessinglibrary\imageprocessinglibrary\x64\debug\imageprocessing.obj
c:\codeprojects\machinevision\binfileprocessing\imageprocessinglibrary\imageprocessinglibrary\x64\debug\frequencyfiltering.obj
c:\codeprojects\machinevision\binfileprocessing\imageprocessinglibrary\imageprocessinglibrary\x64\debug\dllmain.obj
c:\codeprojects\machinevision\binfileprocessing\imageprocessinglibrary\x64\debug\imageprocessinglibrary.lib
c:\codeprojects\machinevision\binfileprocessing\imageprocessinglibrary\x64\debug\imageprocessinglibrary.exp
c:\codeprojects\machinevision\binfileprocessing\imageprocessinglibrary\x64\debug\imageprocessinglibrary.dll
c:\codeprojects\machinevision\binfileprocessing\imageprocessinglibrary\imageprocessinglibrary\x64\debug\imageprocessinglibrary.ilk
c:\codeprojects\machinevision\binfileprocessing\imageprocessinglibrary\x64\debug\imageprocessinglibrary.pdb
c:\codeprojects\machinevision\binfileprocessing\imageprocessinglibrary\imageprocessinglibrary\x64\debug\imagepro.2e5a3cd7.tlog\cl.command.1.tlog
c:\codeprojects\machinevision\binfileprocessing\imageprocessinglibrary\imageprocessinglibrary\x64\debug\imagepro.2e5a3cd7.tlog\cl.read.1.tlog
c:\codeprojects\machinevision\binfileprocessing\imageprocessinglibrary\imageprocessinglibrary\x64\debug\imagepro.2e5a3cd7.tlog\cl.write.1.tlog
c:\codeprojects\machinevision\binfileprocessing\imageprocessinglibrary\imageprocessinglibrary\x64\debug\imagepro.2e5a3cd7.tlog\link.command.1.tlog
c:\codeprojects\machinevision\binfileprocessing\imageprocessinglibrary\imageprocessinglibrary\x64\debug\imagepro.2e5a3cd7.tlog\link.read.1.tlog
c:\codeprojects\machinevision\binfileprocessing\imageprocessinglibrary\imageprocessinglibrary\x64\debug\imagepro.2e5a3cd7.tlog\link.write.1.tlog
c:\codeprojects\machinevision\binfileprocessing\imageprocessinglibrary\imageprocessinglibrary\x64\debug\imagepro.2e5a3cd7.tlog\link.write.2u.tlog
